{"/Users/noelnuguid/Storage/Truuth/serverless-jest-example/handler.js": {"path":"/Users/noelnuguid/Storage/Truuth/serverless-jest-example/handler.js","statementMap":{"0":{"start":{"line":4,"column":2},"end":{"line":13,"column":3}},"1":{"start":{"line":6,"column":6},"end":{"line":6,"column":22}},"2":{"start":{"line":8,"column":6},"end":{"line":8,"column":22}},"3":{"start":{"line":10,"column":6},"end":{"line":10,"column":23}},"4":{"start":{"line":12,"column":6},"end":{"line":12,"column":18}},"5":{"start":{"line":17,"column":20},"end":{"line":17,"column":50}},"6":{"start":{"line":18,"column":2},"end":{"line":18,"column":66}},"7":{"start":{"line":21,"column":0},"end":{"line":21,"column":51}},"8":{"start":{"line":23,"column":0},"end":{"line":32,"column":2}},"9":{"start":{"line":24,"column":19},"end":{"line":29,"column":3}},"10":{"start":{"line":31,"column":2},"end":{"line":31,"column":27}}},"fnMap":{"0":{"name":"getLocalGreeting","decl":{"start":{"line":3,"column":9},"end":{"line":3,"column":25}},"loc":{"start":{"line":3,"column":36},"end":{"line":14,"column":1}},"line":3},"1":{"name":"pickLocale","decl":{"start":{"line":16,"column":9},"end":{"line":16,"column":19}},"loc":{"start":{"line":16,"column":22},"end":{"line":19,"column":1}},"line":16},"2":{"name":"(anonymous_2)","decl":{"start":{"line":23,"column":26},"end":{"line":23,"column":27}},"loc":{"start":{"line":23,"column":56},"end":{"line":32,"column":1}},"line":23}},"branchMap":{"0":{"loc":{"start":{"line":4,"column":2},"end":{"line":13,"column":3}},"type":"switch","locations":[{"start":{"line":5,"column":4},"end":{"line":6,"column":22}},{"start":{"line":7,"column":4},"end":{"line":8,"column":22}},{"start":{"line":9,"column":4},"end":{"line":10,"column":23}},{"start":{"line":11,"column":4},"end":{"line":12,"column":18}}],"line":4}},"s":{"0":2,"1":1,"2":0,"3":0,"4":1,"5":0,"6":0,"7":1,"8":1,"9":0,"10":0},"f":{"0":2,"1":0,"2":0},"b":{"0":[1,0,0,1]},"_coverageSchema":"332fd63041d2c1bcb487cc26dd0d5f7d97098a6c","hash":"e54a6e063641ebb6b97d26149fbe333a89c4b883"}
}
